2025-02-22 15:31:13,482 [Worker-7: Loading available Gradle versions] INFO  o.e.b.c.i.u.g.PublishedGradleVersions - Gradle version information cache is not available. Remote download required.
2025-02-22 15:40:19,528 [Worker-28: Creating project "springDIUsingXML"] INFO  o.e.m.c.i.l.LifecycleMappingFactory - Using org.eclipse.m2e.jdt.JarLifecycleMapping lifecycle mapping for MavenProject: springProject:springDIUsingXML:0.0.1-SNAPSHOT @ C:\Caltech course-Simplilearn\Spring Framework Practices\springDIUsingXML\pom.xml.
2025-02-22 15:40:22,760 [Worker-28: Creating project "springDIUsingXML"] INFO  o.e.m.j.i.AbstractJavaProjectConfigurator - Adding source folder /springDIUsingXML/src/main/java
2025-02-22 15:40:22,765 [Worker-28: Creating project "springDIUsingXML"] INFO  o.e.m.j.i.AbstractJavaProjectConfigurator - Adding resource folder /springDIUsingXML/src/main/resources
2025-02-22 15:40:22,767 [Worker-28: Creating project "springDIUsingXML"] INFO  o.e.m.j.i.AbstractJavaProjectConfigurator - Adding source folder /springDIUsingXML/src/test/java
2025-02-22 15:40:22,769 [Worker-28: Creating project "springDIUsingXML"] INFO  o.e.m.j.i.AbstractJavaProjectConfigurator - Adding resource folder /springDIUsingXML/src/test/resources
2025-02-22 15:40:25,061 [Worker-39: Building] WARN  o.a.m.s.f.DefaultMavenResourcesFiltering - Using platform encoding (UTF-8 actually) to copy filtered resources, i.e. build is platform dependent!
2025-02-22 15:40:25,082 [Worker-39: Building] INFO  o.a.m.s.f.DefaultMavenResourcesFiltering - Copying 0 resource from src\main\resources to target\classes
2025-02-22 15:40:25,093 [Worker-39: Building] WARN  o.a.m.s.f.DefaultMavenResourcesFiltering - Using platform encoding (UTF-8 actually) to copy filtered resources, i.e. build is platform dependent!
2025-02-22 15:40:25,095 [Worker-39: Building] INFO  o.a.m.s.f.DefaultMavenResourcesFiltering - Copying 0 resource from src\test\resources to target\test-classes
2025-02-22 15:43:40,071 [Worker-43: Building] INFO  o.e.m.c.i.l.LifecycleMappingFactory - Using org.eclipse.m2e.jdt.JarLifecycleMapping lifecycle mapping for MavenProject: springProject:springDIUsingXML:0.0.1-SNAPSHOT @ C:\Caltech course-Simplilearn\Spring Framework Practices\springDIUsingXML\pom.xml.
2025-02-22 15:43:40,308 [Worker-43: Building] INFO  o.a.m.s.f.DefaultMavenResourcesFiltering - Copying 0 resource from src\main\resources to target\classes
2025-02-22 15:43:40,318 [Worker-43: Building] INFO  o.a.m.s.f.DefaultMavenResourcesFiltering - Copying 0 resource from src\test\resources to target\test-classes
2025-02-22 15:44:25,047 [Worker-5: Loading available Gradle versions] INFO  o.e.b.c.i.u.g.PublishedGradleVersions - Gradle version information cache is up-to-date. Trying to read.
2025-02-22 15:44:44,864 [Worker-24: Updating Maven Project] INFO  o.e.m.c.i.p.ProjectConfigurationManager - Update started
2025-02-22 15:44:45,698 [Worker-24: Updating Maven Project] INFO  o.e.m.c.i.l.LifecycleMappingFactory - Using org.eclipse.m2e.jdt.JarLifecycleMapping lifecycle mapping for MavenProject: springProject:springDIUsingXML:0.0.1-SNAPSHOT @ C:\Caltech course-Simplilearn\Spring Framework Practices\springDIUsingXML\pom.xml.
2025-02-22 15:44:46,093 [Worker-24: Updating Maven Project] INFO  o.e.m.j.i.AbstractJavaProjectConfigurator - Adding source folder /springDIUsingXML/src/main/java
2025-02-22 15:44:46,099 [Worker-24: Updating Maven Project] INFO  o.e.m.j.i.AbstractJavaProjectConfigurator - Adding resource folder /springDIUsingXML/src/main/resources
2025-02-22 15:44:46,130 [Worker-24: Updating Maven Project] INFO  o.e.m.j.i.AbstractJavaProjectConfigurator - Adding source folder /springDIUsingXML/src/test/java
2025-02-22 15:44:46,132 [Worker-24: Updating Maven Project] INFO  o.e.m.j.i.AbstractJavaProjectConfigurator - Adding resource folder /springDIUsingXML/src/test/resources
2025-02-22 15:44:46,710 [Worker-24: Updating Maven Project] INFO  o.e.m.c.i.p.ProjectConfigurationManager - Update completed for 1 poms: local refresh takes 0.00 sec, refresh facades takes 0.00 sec, update config takes 0.00 sec 
2025-02-22 15:44:47,104 [Worker-17: Building] INFO  o.a.m.s.f.DefaultMavenResourcesFiltering - Copying 0 resource from src\main\resources to target\classes
2025-02-22 15:44:47,112 [Worker-17: Building] INFO  o.a.m.s.f.DefaultMavenResourcesFiltering - Copying 0 resource from src\test\resources to target\test-classes
